<?xml version="1.0" encoding="UTF-8"?>
<testng-results skipped="0" failed="0" total="1" passed="1">
  <reporter-output>
  </reporter-output>
  <suite name="Default suite" duration-ms="11877" started-at="2020-06-24T13:25:22Z" finished-at="2020-06-24T13:25:33Z">
    <groups>
    </groups>
    <test name="Default test" duration-ms="11877" started-at="2020-06-24T13:25:22Z" finished-at="2020-06-24T13:25:33Z">
      <class name="testing.AppTest">
        <test-method status="PASS" signature="suiteSetup()[pri:0, instance:testing.AppTest@6cc4c815]" name="suiteSetup" is-config="true" duration-ms="170" started-at="2020-06-24T15:25:21Z" finished-at="2020-06-24T15:25:22Z">
          <reporter-output>
          </reporter-output>
        </test-method> <!-- suiteSetup -->
        <test-method status="PASS" signature="setup(java.lang.reflect.Method)[pri:0, instance:testing.AppTest@6cc4c815]" name="setup" is-config="true" duration-ms="6436" started-at="2020-06-24T15:25:22Z" finished-at="2020-06-24T15:25:29Z">
          <params>
            <param index="0">
              <value>
                <![CDATA[public void testing.AppTest.test(java.lang.String,java.lang.String)]]>
              </value>
            </param>
          </params>
          <reporter-output>
          </reporter-output>
        </test-method> <!-- setup -->
        <test-method status="PASS" signature="test(java.lang.String, java.lang.String)[pri:0, instance:testing.AppTest@6cc4c815]" name="test" duration-ms="2543" started-at="2020-06-24T15:25:29Z" data-provider="getData" finished-at="2020-06-24T15:25:31Z">
          <params>
            <param index="0">
              <value>
                <![CDATA[Masakhane]]>
              </value>
            </param>
            <param index="1">
              <value>
                <![CDATA[Matanzima]]>
              </value>
            </param>
          </params>
          <reporter-output>
          </reporter-output>
        </test-method> <!-- test -->
        <test-method status="PASS" signature="tearDown()[pri:0, instance:testing.AppTest@6cc4c815]" name="tearDown" is-config="true" duration-ms="2320" started-at="2020-06-24T15:25:31Z" finished-at="2020-06-24T15:25:33Z">
          <reporter-output>
          </reporter-output>
        </test-method> <!-- tearDown -->
        <test-method status="PASS" signature="suiteCleanup()[pri:0, instance:testing.AppTest@6cc4c815]" name="suiteCleanup" is-config="true" duration-ms="239" started-at="2020-06-24T15:25:33Z" finished-at="2020-06-24T15:25:34Z">
          <reporter-output>
          </reporter-output>
        </test-method> <!-- suiteCleanup -->
      </class> <!-- testing.AppTest -->
    </test> <!-- Default test -->
  </suite> <!-- Default suite -->
</testng-results>
